<?xml version="1.0" encoding="UTF-8"?>
<testsuite name="starbucks.ProxyPatternTest" tests="2" skipped="0" failures="0" errors="0" timestamp="2017-11-18T22:42:38" hostname="Sais-MacBook-Pro.local" time="0.008">
  <properties/>
  <testcase name="testFailed" classname="starbucks.ProxyPatternTest" time="0.007"/>
  <testcase name="testSuccess" classname="starbucks.ProxyPatternTest" time="0.0"/>
  <system-out><![CDATA[KeyPad Touched at (1, 5)
Key: 1
Current State: starbucks.OnePinDigit
D1 = 1
D2 = 
D3 = 
D4 = 
KeyPad Touched at (2, 5)
Key: 2
Current State: starbucks.TwoPinDigits
D1 = 1
D2 = 2
D3 = 
D4 = 
KeyPad Touched at (3, 5)
Key: 3
Current State: starbucks.ThreePinDigits
D1 = 1
D2 = 2
D3 = 3
D4 = 
KeyPad Touched at (2, 6)
Key: 5
Current State: starbucks.FourPinDigits
D1 = 1
D2 = 2
D3 = 3
D4 = 5
Authenticating...
Login Failed!
Current State: starbucks.NoPinDigits
D1 = 
D2 = 
D3 = 
D4 = 
Firstg
PinScreen
KeyPad Touched at (1, 5)
Key: 1
Current State: starbucks.OnePinDigit
D1 = 1
D2 = 
D3 = 
D4 = 
KeyPad Touched at (2, 5)
Key: 2
Current State: starbucks.TwoPinDigits
D1 = 1
D2 = 2
D3 = 
D4 = 
KeyPad Touched at (3, 5)
Key: 3
Current State: starbucks.ThreePinDigits
D1 = 1
D2 = 2
D3 = 3
D4 = 
KeyPad Touched at (4, 5)
Key: 4
Current State: starbucks.FourPinDigits
D1 = 1
D2 = 2
D3 = 3
D4 = 4
Authenticating...
Successful Login!
Second
MyCards
]]></system-out>
  <system-err><![CDATA[]]></system-err>
</testsuite>
