<?xml version="1.0" encoding="UTF-8"?>
<testsuite name="starbucks.PinEntryMachineTest" tests="6" skipped="0" failures="0" errors="0" timestamp="2017-11-18T22:42:38" hostname="Sais-MacBook-Pro.local" time="0.005">
  <properties/>
  <testcase name="test0" classname="starbucks.PinEntryMachineTest" time="0.001"/>
  <testcase name="test1" classname="starbucks.PinEntryMachineTest" time="0.001"/>
  <testcase name="test2" classname="starbucks.PinEntryMachineTest" time="0.001"/>
  <testcase name="test3" classname="starbucks.PinEntryMachineTest" time="0.0"/>
  <testcase name="test4" classname="starbucks.PinEntryMachineTest" time="0.0"/>
  <testcase name="test5" classname="starbucks.PinEntryMachineTest" time="0.001"/>
  <system-out><![CDATA[Current State: starbucks.OnePinDigit
D1 = 1
D2 = 
D3 = 
D4 = 
Current State: starbucks.NoPinDigits
D1 = 
D2 = 
D3 = 
D4 = 
starbucks.NoPinDigits
Current State: starbucks.OnePinDigit
D1 = 1
D2 = 
D3 = 
D4 = 
Current State: starbucks.TwoPinDigits
D1 = 1
D2 = 2
D3 = 
D4 = 
Current State: starbucks.OnePinDigit
D1 = 1
D2 = 
D3 = 
D4 = 
Current State: starbucks.OnePinDigit
D1 = 1
D2 = 
D3 = 
D4 = 
Current State: starbucks.TwoPinDigits
D1 = 1
D2 = 2
D3 = 
D4 = 
Current State: starbucks.ThreePinDigits
D1 = 1
D2 = 2
D3 = 3
D4 = 
Current State: starbucks.TwoPinDigits
D1 = 1
D2 = 2
D3 = 
D4 = 
Current State: starbucks.OnePinDigit
D1 = 1
D2 = 
D3 = 
D4 = 
Current State: starbucks.TwoPinDigits
D1 = 1
D2 = 2
D3 = 
D4 = 
Current State: starbucks.ThreePinDigits
D1 = 1
D2 = 2
D3 = 3
D4 = 
Current State: starbucks.OnePinDigit
D1 = 1
D2 = 
D3 = 
D4 = 
Current State: starbucks.TwoPinDigits
D1 = 1
D2 = 2
D3 = 
D4 = 
Current State: starbucks.ThreePinDigits
D1 = 1
D2 = 2
D3 = 3
D4 = 
Current State: starbucks.FourPinDigits
D1 = 1
D2 = 2
D3 = 3
D4 = 4
Authenticating...
Successful Login!
Current State: starbucks.OnePinDigit
D1 = 1
D2 = 
D3 = 
D4 = 
Current State: starbucks.TwoPinDigits
D1 = 1
D2 = 2
D3 = 
D4 = 
Current State: starbucks.ThreePinDigits
D1 = 1
D2 = 2
D3 = 3
D4 = 
Current State: starbucks.FourPinDigits
D1 = 1
D2 = 2
D3 = 3
D4 = 5
Authenticating...
Login Failed!
Current State: starbucks.NoPinDigits
D1 = 
D2 = 
D3 = 
D4 = 
]]></system-out>
  <system-err><![CDATA[]]></system-err>
</testsuite>
