<?xml version="1.0" encoding="UTF-8"?>
<testsuite name="starbucks.ObserverPatternTest" tests="5" skipped="0" failures="0" errors="0" timestamp="2017-11-18T22:42:38" hostname="Sais-MacBook-Pro.local" time="0.006">
  <properties/>
  <testcase name="testTwoKeys" classname="starbucks.ObserverPatternTest" time="0.0"/>
  <testcase name="testThreeKeys" classname="starbucks.ObserverPatternTest" time="0.001"/>
  <testcase name="testFourKeys" classname="starbucks.ObserverPatternTest" time="0.001"/>
  <testcase name="testOneKey" classname="starbucks.ObserverPatternTest" time="0.001"/>
  <testcase name="testBackspace" classname="starbucks.ObserverPatternTest" time="0.002"/>
  <system-out><![CDATA[KeyPad Touched at (1, 5)
Key: 1
Current State: starbucks.OnePinDigit
D1 = 1
D2 = 
D3 = 
D4 = 
KeyPad Touched at (2, 5)
Key: 2
Current State: starbucks.TwoPinDigits
D1 = 1
D2 = 2
D3 = 
D4 = 
KeyPad Touched at (1, 5)
Key: 1
Current State: starbucks.OnePinDigit
D1 = 1
D2 = 
D3 = 
D4 = 
KeyPad Touched at (2, 5)
Key: 2
Current State: starbucks.TwoPinDigits
D1 = 1
D2 = 2
D3 = 
D4 = 
KeyPad Touched at (3, 5)
Key: 3
Current State: starbucks.ThreePinDigits
D1 = 1
D2 = 2
D3 = 3
D4 = 
KeyPad Touched at (1, 5)
Key: 1
Current State: starbucks.OnePinDigit
D1 = 1
D2 = 
D3 = 
D4 = 
KeyPad Touched at (2, 5)
Key: 2
Current State: starbucks.TwoPinDigits
D1 = 1
D2 = 2
D3 = 
D4 = 
KeyPad Touched at (3, 5)
Key: 3
Current State: starbucks.ThreePinDigits
D1 = 1
D2 = 2
D3 = 3
D4 = 
KeyPad Touched at (1, 6)
Key: 4
Current State: starbucks.FourPinDigits
D1 = 1
D2 = 2
D3 = 3
D4 = 4
Authenticating...
Successful Login!
KeyPad Touched at (1, 5)
Key: 1
Current State: starbucks.OnePinDigit
D1 = 1
D2 = 
D3 = 
D4 = 
KeyPad Touched at (1, 5)
Key: 1
Current State: starbucks.OnePinDigit
D1 = 1
D2 = 
D3 = 
D4 = 
KeyPad Touched at (2, 5)
Key: 2
Current State: starbucks.TwoPinDigits
D1 = 1
D2 = 2
D3 = 
D4 = 
KeyPad Touched at (3, 5)
Key: 3
Current State: starbucks.ThreePinDigits
D1 = 1
D2 = 2
D3 = 3
D4 = 
KeyPad Touched at (1, 6)
Key: 4
Current State: starbucks.FourPinDigits
D1 = 1
D2 = 2
D3 = 3
D4 = 4
Authenticating...
Successful Login!
KeyPad Touched at (1, 5)
Key: 1
KeyPad Touched at (2, 5)
Key: 2
KeyPad Touched at (3, 5)
Key: 3
KeyPad Touched at (1, 6)
Key: 4
KeyPad Touched at (3, 8)
Key: X
Current State: starbucks.ThreePinDigits
D1 = 1
D2 = 2
D3 = 3
D4 = 
]]></system-out>
  <system-err><![CDATA[]]></system-err>
</testsuite>
