<?xml version="1.0" encoding="UTF-8"?>
<testsuite name="starbucks.CommandPatternTest" tests="4" skipped="0" failures="0" errors="0" timestamp="2017-11-18T22:42:38" hostname="Sais-MacBook-Pro.local" time="0.019">
  <properties/>
  <testcase name="testStore" classname="starbucks.CommandPatternTest" time="0.01"/>
  <testcase name="testRewards" classname="starbucks.CommandPatternTest" time="0.002"/>
  <testcase name="testMyCards" classname="starbucks.CommandPatternTest" time="0.003"/>
  <testcase name="testPayments" classname="starbucks.CommandPatternTest" time="0.003"/>
  <system-out><![CDATA[----------------
   PinScreen  
----------------

 [_][_][_][_]


 [1] [2] [3]
 [4] [5] [6]
 [7] [8] [9]
 [_] [0] [X]

----------------

KeyPad Touched at (1, 5)
Key: 1
Current State: starbucks.OnePinDigit
D1 = 1
D2 = 
D3 = 
D4 = 
KeyPad Touched at (2, 5)
Key: 2
Current State: starbucks.TwoPinDigits
D1 = 1
D2 = 2
D3 = 
D4 = 
KeyPad Touched at (3, 5)
Key: 3
Current State: starbucks.ThreePinDigits
D1 = 1
D2 = 2
D3 = 3
D4 = 
KeyPad Touched at (1, 6)
Key: 4
Current State: starbucks.FourPinDigits
D1 = 1
D2 = 2
D3 = 3
D4 = 4
Authenticating...
Successful Login!
  MyCards  
================


================

 [A][B][C][D]
----------------
   PinScreen  
----------------

 [_][_][_][_]


 [1] [2] [3]
 [4] [5] [6]
 [7] [8] [9]
 [_] [0] [X]

----------------

KeyPad Touched at (1, 5)
Key: 1
Current State: starbucks.OnePinDigit
D1 = 1
D2 = 
D3 = 
D4 = 
KeyPad Touched at (2, 5)
Key: 2
Current State: starbucks.TwoPinDigits
D1 = 1
D2 = 2
D3 = 
D4 = 
KeyPad Touched at (3, 5)
Key: 3
Current State: starbucks.ThreePinDigits
D1 = 1
D2 = 2
D3 = 3
D4 = 
KeyPad Touched at (1, 6)
Key: 4
Current State: starbucks.FourPinDigits
D1 = 1
D2 = 2
D3 = 3
D4 = 4
Authenticating...
Successful Login!
  MyCards  
================


================

 [A][B][C][D]
----------------
   PinScreen  
----------------

 [_][_][_][_]


 [1] [2] [3]
 [4] [5] [6]
 [7] [8] [9]
 [_] [0] [X]

----------------

KeyPad Touched at (1, 5)
Key: 1
Current State: starbucks.OnePinDigit
D1 = 1
D2 = 
D3 = 
D4 = 
KeyPad Touched at (2, 5)
Key: 2
Current State: starbucks.TwoPinDigits
D1 = 1
D2 = 2
D3 = 
D4 = 
KeyPad Touched at (3, 5)
Key: 3
Current State: starbucks.ThreePinDigits
D1 = 1
D2 = 2
D3 = 3
D4 = 
KeyPad Touched at (1, 6)
Key: 4
Current State: starbucks.FourPinDigits
D1 = 1
D2 = 2
D3 = 3
D4 = 4
Authenticating...
Successful Login!
  MyCards  
================


================

 [A][B][C][D]
----------------
   PinScreen  
----------------

 [_][_][_][_]


 [1] [2] [3]
 [4] [5] [6]
 [7] [8] [9]
 [_] [0] [X]

----------------

KeyPad Touched at (1, 5)
Key: 1
Current State: starbucks.OnePinDigit
D1 = 1
D2 = 
D3 = 
D4 = 
KeyPad Touched at (2, 5)
Key: 2
Current State: starbucks.TwoPinDigits
D1 = 1
D2 = 2
D3 = 
D4 = 
KeyPad Touched at (3, 5)
Key: 3
Current State: starbucks.ThreePinDigits
D1 = 1
D2 = 2
D3 = 3
D4 = 
KeyPad Touched at (1, 6)
Key: 4
Current State: starbucks.FourPinDigits
D1 = 1
D2 = 2
D3 = 3
D4 = 4
Authenticating...
Successful Login!
  MyCards  
================


================

 [A][B][C][D]
]]></system-out>
  <system-err><![CDATA[]]></system-err>
</testsuite>
